<?xml version="1.0" encoding="UTF-8"?>
<!-- Generated by org.testng.reporters.JUnitReportReporter -->
<testsuite hostname="Abhijith" failures="0" tests="1" name="extentreports.AddScreenshotIntoReport" time="6.106" errors="0" timestamp="2024-07-09T09:12:26 IST" skipped="0">
  <testcase classname="extentreports.AddScreenshotIntoReport" name="screenshot" time="6.106"/>
  <system-out/>
</testsuite> <!-- extentreports.AddScreenshotIntoReport -->
