<?xml version="1.0" encoding="UTF-8"?>
<!-- Generated by org.testng.reporters.JUnitReportReporter -->
<testsuite hostname="Abhijith" failures="0" tests="1" name="extentreports.ToLearnExtentReports" time="0.370" errors="0" timestamp="2024-07-08T10:21:27 IST" skipped="0">
  <testcase classname="extentreports.ToLearnExtentReports" name="report" time="0.370"/>
  <system-out/>
</testsuite> <!-- extentreports.ToLearnExtentReports -->
